  1.cpp
c:\users\user\documents\visual studio 2017\projects\searching for text files\searching for text files\1.cpp(252): warning C4244: '=': 'double'에서 'int'(으)로 변환하면서 데이터가 손실될 수 있습니다.
c:\users\user\documents\visual studio 2017\projects\searching for text files\searching for text files\1.cpp(310): warning C4305: '=': 'int'에서 'char'(으)로 잘립니다.
c:\users\user\documents\visual studio 2017\projects\searching for text files\searching for text files\1.cpp(310): warning C4309: '=': 상수 값이 잘립니다.
c:\users\user\documents\visual studio 2017\projects\searching for text files\searching for text files\1.cpp(36): warning C4996: 'sprintf': This function or variable may be unsafe. Consider using sprintf_s instead. To disable deprecation, use _CRT_SECURE_NO_WARNINGS. See online help for details.
  c:\program files (x86)\windows kits\10\include\10.0.14393.0\ucrt\stdio.h(1769): note: 'sprintf' 선언을 참조하십시오.
c:\users\user\documents\visual studio 2017\projects\searching for text files\searching for text files\1.cpp(45): warning C4996: 'scanf': This function or variable may be unsafe. Consider using scanf_s instead. To disable deprecation, use _CRT_SECURE_NO_WARNINGS. See online help for details.
  c:\program files (x86)\windows kits\10\include\10.0.14393.0\ucrt\stdio.h(1269): note: 'scanf' 선언을 참조하십시오.
c:\users\user\documents\visual studio 2017\projects\searching for text files\searching for text files\1.cpp(58): warning C4996: 'strcpy': This function or variable may be unsafe. Consider using strcpy_s instead. To disable deprecation, use _CRT_SECURE_NO_WARNINGS. See online help for details.
  c:\program files (x86)\windows kits\10\include\10.0.14393.0\ucrt\string.h(129): note: 'strcpy' 선언을 참조하십시오.
c:\users\user\documents\visual studio 2017\projects\searching for text files\searching for text files\1.cpp(59): warning C4996: 'strlwr': The POSIX name for this item is deprecated. Instead, use the ISO C and C++ conformant name: _strlwr. See online help for details.
  c:\program files (x86)\windows kits\10\include\10.0.14393.0\ucrt\string.h(552): note: 'strlwr' 선언을 참조하십시오.
c:\users\user\documents\visual studio 2017\projects\searching for text files\searching for text files\1.cpp(60): warning C4996: 'strcpy': This function or variable may be unsafe. Consider using strcpy_s instead. To disable deprecation, use _CRT_SECURE_NO_WARNINGS. See online help for details.
  c:\program files (x86)\windows kits\10\include\10.0.14393.0\ucrt\string.h(129): note: 'strcpy' 선언을 참조하십시오.
c:\users\user\documents\visual studio 2017\projects\searching for text files\searching for text files\1.cpp(62): warning C4996: 'strcpy': This function or variable may be unsafe. Consider using strcpy_s instead. To disable deprecation, use _CRT_SECURE_NO_WARNINGS. See online help for details.
  c:\program files (x86)\windows kits\10\include\10.0.14393.0\ucrt\string.h(129): note: 'strcpy' 선언을 참조하십시오.
c:\users\user\documents\visual studio 2017\projects\searching for text files\searching for text files\1.cpp(63): warning C4996: 'strupr': The POSIX name for this item is deprecated. Instead, use the ISO C and C++ conformant name: _strupr. See online help for details.
  c:\program files (x86)\windows kits\10\include\10.0.14393.0\ucrt\string.h(581): note: 'strupr' 선언을 참조하십시오.
c:\users\user\documents\visual studio 2017\projects\searching for text files\searching for text files\1.cpp(64): warning C4996: 'strcpy': This function or variable may be unsafe. Consider using strcpy_s instead. To disable deprecation, use _CRT_SECURE_NO_WARNINGS. See online help for details.
  c:\program files (x86)\windows kits\10\include\10.0.14393.0\ucrt\string.h(129): note: 'strcpy' 선언을 참조하십시오.
c:\users\user\documents\visual studio 2017\projects\searching for text files\searching for text files\1.cpp(81): warning C4996: 'fopen': This function or variable may be unsafe. Consider using fopen_s instead. To disable deprecation, use _CRT_SECURE_NO_WARNINGS. See online help for details.
  c:\program files (x86)\windows kits\10\include\10.0.14393.0\ucrt\stdio.h(207): note: 'fopen' 선언을 참조하십시오.
c:\users\user\documents\visual studio 2017\projects\searching for text files\searching for text files\1.cpp(286): warning C4996: 'strcpy': This function or variable may be unsafe. Consider using strcpy_s instead. To disable deprecation, use _CRT_SECURE_NO_WARNINGS. See online help for details.
  c:\program files (x86)\windows kits\10\include\10.0.14393.0\ucrt\string.h(129): note: 'strcpy' 선언을 참조하십시오.
  Searching for text files.vcxproj -> c:\users\user\documents\visual studio 2017\Projects\Searching for text files\Debug\Searching for text files.exe
  Searching for text files.vcxproj -> c:\users\user\documents\visual studio 2017\Projects\Searching for text files\Debug\Searching for text files.pdb (Partial PDB)
